<?xml version="1.0" encoding="UTF-8"?>
<testsuite xmlns:xsi="http://www.w3.org/2001/XMLSchema-instance" xsi:noNamespaceSchemaLocation="https://maven.apache.org/surefire/maven-surefire-plugin/xsd/surefire-test-report.xsd" name="com.kinhnv.app.kafka.connect.DublicateFieldTest" time="0.018" tests="3" errors="0" skipped="0" failures="0">
  <properties>
[...]
</properties>
  <testcase name="topLevelStructRequired" classname="com.kinhnv.app.kafka.connect.DublicateFieldTest" time="0.008"/>
  <testcase name="schemalessInsertUuidField" classname="com.kinhnv.app.kafka.connect.DublicateFieldTest" time="0.001"/>
  <testcase name="copySchemaAndInsertUuidField" classname="com.kinhnv.app.kafka.connect.DublicateFieldTest" time="0"/>
</testsuite>